The system is: Windows - 10.0.25174 - AMD64
Compiling the C compiler identification source file "CMakeCCompilerId.c" succeeded.
Compiler: E:/Program Files/Microsoft Visual Studio/2022/Preview/VC/Tools/MSVC/14.31.30818/bin/Hostx64/x64/cl.exe 
Build flags: 
Id flags:  

The output was:
0
Microsoft (R) C/C++ Optimizing Compiler Version 19.31.30818 for x64
Copyright (C) Microsoft Corporation.  All rights reserved.

CMakeCCompilerId.c
Microsoft (R) Incremental Linker Version 14.31.30818.0
Copyright (C) Microsoft Corporation.  All rights reserved.

/out:CMakeCCompilerId.exe 
CMakeCCompilerId.obj 


Compilation of the C compiler identification source "CMakeCCompilerId.c" produced "CMakeCCompilerId.exe"

Compilation of the C compiler identification source "CMakeCCompilerId.c" produced "CMakeCCompilerId.obj"

The C compiler identification is MSVC, found in "E:/code/OddityEngineCmake/cmake-build-debug/CMakeFiles/3.23.2/CompilerIdC/CMakeCCompilerId.exe"

Compiling the CXX compiler identification source file "CMakeCXXCompilerId.cpp" succeeded.
Compiler: E:/Program Files/Microsoft Visual Studio/2022/Preview/VC/Tools/MSVC/14.31.30818/bin/Hostx64/x64/cl.exe 
Build flags: 
Id flags:  

The output was:
0
Microsoft (R) C/C++ Optimizing Compiler Version 19.31.30818 for x64
Copyright (C) Microsoft Corporation.  All rights reserved.

CMakeCXXCompilerId.cpp
Microsoft (R) Incremental Linker Version 14.31.30818.0
Copyright (C) Microsoft Corporation.  All rights reserved.

/out:CMakeCXXCompilerId.exe 
CMakeCXXCompilerId.obj 


Compilation of the CXX compiler identification source "CMakeCXXCompilerId.cpp" produced "CMakeCXXCompilerId.exe"

Compilation of the CXX compiler identification source "CMakeCXXCompilerId.cpp" produced "CMakeCXXCompilerId.obj"

The CXX compiler identification is MSVC, found in "E:/code/OddityEngineCmake/cmake-build-debug/CMakeFiles/3.23.2/CompilerIdCXX/CMakeCXXCompilerId.exe"

Detecting C compiler ABI info compiled with the following output:
Change Dir: E:/code/OddityEngineCmake/cmake-build-debug/CMakeFiles/CMakeTmp

Run Build Command(s):E:/Program Files/JetBrains/Toolbox/apps/CLion/ch-0/222.3739.54/bin/ninja/win/ninja.exe cmTC_d8676 && [1/2] Building C object CMakeFiles\cmTC_d8676.dir\CMakeCCompilerABI.c.obj
[2/2] Linking C executable cmTC_d8676.exe



Detecting CXX compiler ABI info compiled with the following output:
Change Dir: E:/code/OddityEngineCmake/cmake-build-debug/CMakeFiles/CMakeTmp

Run Build Command(s):E:/Program Files/JetBrains/Toolbox/apps/CLion/ch-0/222.3739.54/bin/ninja/win/ninja.exe cmTC_5cde9 && [1/2] Building CXX object CMakeFiles\cmTC_5cde9.dir\CMakeCXXCompilerABI.cpp.obj
[2/2] Linking CXX executable cmTC_5cde9.exe



